# JRE version: OpenJDK Runtime Environment (8.0_112-b06) (build 1.8.0_112-release-b06)
# Java VM: OpenJDK 64-Bit Server VM (25.112-b06 mixed mode linux-amd64 compressed oops)
Heap:
 PSYoungGen      total 215552K, used 10005K [0x00000000e0000000, 0x00000000ee980000, 0x0000000100000000)
  eden space 195584K, 0% used [0x00000000e0000000,0x00000000e0000000,0x00000000ebf00000)
  from space 19968K, 50% used [0x00000000ec280000,0x00000000ecc45720,0x00000000ed600000)
  to   space 12288K, 0% used [0x00000000edd80000,0x00000000edd80000,0x00000000ee980000)
 ParOldGen       total 90624K, used 35791K [0x00000000a0000000, 0x00000000a5880000, 0x00000000e0000000)
  object space 90624K, 39% used [0x00000000a0000000,0x00000000a22f3f00,0x00000000a5880000)
 Metaspace       used 64532K, capacity 66692K, committed 66944K, reserved 1107968K
  class space    used 8351K, capacity 8743K, committed 8832K, reserved 1048576K
GC Heap History (10 events):
Event: 8.294 GC heap after
Heap after GC invocations=13 (full 2):
 PSYoungGen      total 140288K, used 12287K [0x00000000e0000000, 0x00000000eb780000, 0x0000000100000000)
  eden space 128000K, 0% used [0x00000000e0000000,0x00000000e0000000,0x00000000e7d00000)
  from space 12288K, 99% used [0x00000000e7d00000,0x00000000e88ffc00,0x00000000e8900000)
  to   space 14848K, 0% used [0x00000000ea900000,0x00000000ea900000,0x00000000eb780000)
 ParOldGen       total 56832K, used 20928K [0x00000000a0000000, 0x00000000a3780000, 0x00000000e0000000)
  object space 56832K, 36% used [0x00000000a0000000,0x00000000a14702f0,0x00000000a3780000)
 Metaspace       used 45650K, capacity 46940K, committed 47232K, reserved 1089536K
  class space    used 6161K, capacity 6455K, committed 6528K, reserved 1048576K
}
Event: 10.285 GC heap before
{Heap before GC invocations=14 (full 2):
 PSYoungGen      total 140288K, used 140287K [0x00000000e0000000, 0x00000000eb780000, 0x0000000100000000)
  eden space 128000K, 100% used [0x00000000e0000000,0x00000000e7d00000,0x00000000e7d00000)
  from space 12288K, 99% used [0x00000000e7d00000,0x00000000e88ffc00,0x00000000e8900000)
  to   space 14848K, 0% used [0x00000000ea900000,0x00000000ea900000,0x00000000eb780000)
 ParOldGen       total 56832K, used 20928K [0x00000000a0000000, 0x00000000a3780000, 0x00000000e0000000)
  object space 56832K, 36% used [0x00000000a0000000,0x00000000a14702f0,0x00000000a3780000)
 Metaspace       used 55338K, capacity 56938K, committed 57216K, reserved 1099776K
  class space    used 7450K, capacity 7794K, committed 7808K, reserved 1048576K
Event: 10.332 GC heap after
Heap after GC invocations=14 (full 2):
 PSYoungGen      total 168448K, used 14834K [0x00000000e0000000, 0x00000000ec800000, 0x0000000100000000)
  eden space 153600K, 0% used [0x00000000e0000000,0x00000000e0000000,0x00000000e9600000)
  from space 14848K, 99% used [0x00000000ea900000,0x00000000eb77cbb8,0x00000000eb780000)
  to   space 19456K, 0% used [0x00000000e9600000,0x00000000e9600000,0x00000000ea900000)
 ParOldGen       total 56832K, used 28337K [0x00000000a0000000, 0x00000000a3780000, 0x00000000e0000000)
  object space 56832K, 49% used [0x00000000a0000000,0x00000000a1bac6b0,0x00000000a3780000)
 Metaspace       used 55338K, capacity 56938K, committed 57216K, reserved 1099776K
  class space    used 7450K, capacity 7794K, committed 7808K, reserved 1048576K
}
Event: 10.825 GC heap before
{Heap before GC invocations=15 (full 2):
 PSYoungGen      total 168448K, used 42345K [0x00000000e0000000, 0x00000000ec800000, 0x0000000100000000)
  eden space 153600K, 17% used [0x00000000e0000000,0x00000000e1addb58,0x00000000e9600000)
  from space 14848K, 99% used [0x00000000ea900000,0x00000000eb77cbb8,0x00000000eb780000)
  to   space 19456K, 0% used [0x00000000e9600000,0x00000000e9600000,0x00000000ea900000)
 ParOldGen       total 56832K, used 28337K [0x00000000a0000000, 0x00000000a3780000, 0x00000000e0000000)
  object space 56832K, 49% used [0x00000000a0000000,0x00000000a1bac6b0,0x00000000a3780000)
 Metaspace       used 57443K, capacity 59098K, committed 59160K, reserved 1099776K
  class space    used 7696K, capacity 8050K, committed 8064K, reserved 1048576K
Event: 10.853 GC heap after
Heap after GC invocations=15 (full 2):
 PSYoungGen      total 173056K, used 3106K [0x00000000e0000000, 0x00000000ef080000, 0x0000000100000000)
  eden space 153600K, 0% used [0x00000000e0000000,0x00000000e0000000,0x00000000e9600000)
  from space 19456K, 15% used [0x00000000e9600000,0x00000000e99089b8,0x00000000ea900000)
  to   space 19456K, 0% used [0x00000000edd80000,0x00000000edd80000,0x00000000ef080000)
 ParOldGen       total 56832K, used 41592K [0x00000000a0000000, 0x00000000a3780000, 0x00000000e0000000)
  object space 56832K, 73% used [0x00000000a0000000,0x00000000a289e398,0x00000000a3780000)
 Metaspace       used 57443K, capacity 59098K, committed 59160K, reserved 1099776K
  class space    used 7696K, capacity 8050K, committed 8064K, reserved 1048576K
}
Event: 10.853 GC heap before
{Heap before GC invocations=16 (full 3):
 PSYoungGen      total 173056K, used 3106K [0x00000000e0000000, 0x00000000ef080000, 0x0000000100000000)
  eden space 153600K, 0% used [0x00000000e0000000,0x00000000e0000000,0x00000000e9600000)
  from space 19456K, 15% used [0x00000000e9600000,0x00000000e99089b8,0x00000000ea900000)
  to   space 19456K, 0% used [0x00000000edd80000,0x00000000edd80000,0x00000000ef080000)
 ParOldGen       total 56832K, used 41592K [0x00000000a0000000, 0x00000000a3780000, 0x00000000e0000000)
  object space 56832K, 73% used [0x00000000a0000000,0x00000000a289e398,0x00000000a3780000)
 Metaspace       used 57443K, capacity 59098K, committed 59160K, reserved 1099776K
  class space    used 7696K, capacity 8050K, committed 8064K, reserved 1048576K
Event: 11.038 GC heap after
Heap after GC invocations=16 (full 3):
 PSYoungGen      total 173056K, used 0K [0x00000000e0000000, 0x00000000ef080000, 0x0000000100000000)
  eden space 153600K, 0% used [0x00000000e0000000,0x00000000e0000000,0x00000000e9600000)
  from space 19456K, 0% used [0x00000000e9600000,0x00000000e9600000,0x00000000ea900000)
  to   space 19456K, 0% used [0x00000000edd80000,0x00000000edd80000,0x00000000ef080000)
 ParOldGen       total 90624K, used 35775K [0x00000000a0000000, 0x00000000a5880000, 0x00000000e0000000)
  object space 90624K, 39% used [0x00000000a0000000,0x00000000a22eff00,0x00000000a5880000)
 Metaspace       used 57443K, capacity 59098K, committed 59160K, reserved 1099776K
  class space    used 7696K, capacity 8050K, committed 8064K, reserved 1048576K
}
Event: 120.149 GC heap before
{Heap before GC invocations=17 (full 3):
 PSYoungGen      total 173056K, used 153600K [0x00000000e0000000, 0x00000000ef080000, 0x0000000100000000)
  eden space 153600K, 100% used [0x00000000e0000000,0x00000000e9600000,0x00000000e9600000)
  from space 19456K, 0% used [0x00000000e9600000,0x00000000e9600000,0x00000000ea900000)
  to   space 19456K, 0% used [0x00000000edd80000,0x00000000edd80000,0x00000000ef080000)
 ParOldGen       total 90624K, used 35775K [0x00000000a0000000, 0x00000000a5880000, 0x00000000e0000000)
  object space 90624K, 39% used [0x00000000a0000000,0x00000000a22eff00,0x00000000a5880000)
 Metaspace       used 63373K, capacity 65282K, committed 65536K, reserved 1105920K
  class space    used 8304K, capacity 8672K, committed 8704K, reserved 1048576K
Event: 120.165 GC heap after
Heap after GC invocations=17 (full 3):
 PSYoungGen      total 207872K, used 11893K [0x00000000e0000000, 0x00000000ee980000, 0x0000000100000000)
  eden space 195584K, 0% used [0x00000000e0000000,0x00000000e0000000,0x00000000ebf00000)
  from space 12288K, 96% used [0x00000000edd80000,0x00000000ee91d490,0x00000000ee980000)
  to   space 19968K, 0% used [0x00000000ec280000,0x00000000ec280000,0x00000000ed600000)
 ParOldGen       total 90624K, used 35783K [0x00000000a0000000, 0x00000000a5880000, 0x00000000e0000000)
  object space 90624K, 39% used [0x00000000a0000000,0x00000000a22f1f00,0x00000000a5880000)
 Metaspace       used 63373K, capacity 65282K, committed 65536K, reserved 1105920K
  class space    used 8304K, capacity 8672K, committed 8704K, reserved 1048576K
}
Event: 156.996 GC heap before
{Heap before GC invocations=18 (full 3):
 PSYoungGen      total 207872K, used 207477K [0x00000000e0000000, 0x00000000ee980000, 0x0000000100000000)
  eden space 195584K, 100% used [0x00000000e0000000,0x00000000ebf00000,0x00000000ebf00000)
  from space 12288K, 96% used [0x00000000edd80000,0x00000000ee91d490,0x00000000ee980000)
  to   space 19968K, 0% used [0x00000000ec280000,0x00000000ec280000,0x00000000ed600000)
 ParOldGen       total 90624K, used 35783K [0x00000000a0000000, 0x00000000a5880000, 0x00000000e0000000)
  object space 90624K, 39% used [0x00000000a0000000,0x00000000a22f1f00,0x00000000a5880000)
 Metaspace       used 64532K, capacity 66692K, committed 66944K, reserved 1107968K
  class space    used 8351K, capacity 8743K, committed 8832K, reserved 1048576K

